Start testing: Jul 17 21:48 CEST
----------------------------------------------------------
1/1 Testing: Request parsing
1/1 Test: Request parsing
Command: "/home/addar/web-server/build/tests" "Request parsing"
Directory: /home/addar/web-server/build
"Request parsing" start time: Jul 17 21:48 CEST
Output:
----------------------------------------------------------
Filters: "Request parsing"
Randomness seeded to: 790119129
===============================================================================
All tests passed (13 assertions in 1 test case)

<end of output>
Test time =   0.00 sec
----------------------------------------------------------
Test Passed.
"Request parsing" end time: Jul 17 21:48 CEST
"Request parsing" time elapsed: 00:00:00
----------------------------------------------------------

End testing: Jul 17 21:48 CEST
