<?xml version="1.0" encoding="UTF-8"?>
<Site BuildName="Linux-g++-13"
	BuildStamp="20240508-1317-Experimental"
	Name="DESKTOP-PQ2EOLP"
	Generator="ctest-3.26.4"
	CompilerName="/usr/bin/g++-13"
	CompilerVersion="13.1.0"
	OSName="Linux"
	Hostname="DESKTOP-PQ2EOLP"
	OSRelease="5.15.146.1-microsoft-standard-WSL2"
	OSVersion="#1 SMP Thu Jan 11 04:09:03 UTC 2024"
	OSPlatform="x86_64"
	Is64Bits="1"
	VendorString="GenuineIntel"
	VendorID="Intel Corporation"
	FamilyID="6"
	ModelID="142"
	ProcessorCacheSize="8192"
	NumberOfLogicalCPU="8"
	NumberOfPhysicalCPU="4"
	TotalVirtualMemory="2048"
	TotalPhysicalMemory="7832"
	LogicalProcessorsPerPhysical="2"
	ProcessorClockFrequency="1992.01"
	>
	<Testing>
		<StartDateTime>May 08 16:00 CEST</StartDateTime>
		<StartTestTime>1715176854</StartTestTime>
		<TestList/>
		<EndDateTime>May 08 16:00 CEST</EndDateTime>
		<EndTestTime>1715176854</EndTestTime>
		<ElapsedMinutes>0</ElapsedMinutes>
	</Testing>
</Site>
