<?xml version="1.0" encoding="UTF-8"?>
<Site BuildName="Linux-c++"
	BuildStamp="20240717-1831-Experimental"
	Name="DESKTOP-PQ2EOLP"
	Generator="ctest-3.26.4"
	CompilerName="/usr/bin/c++"
	CompilerVersion="11.4.0"
	OSName="Linux"
	Hostname="DESKTOP-PQ2EOLP"
	OSRelease="5.15.153.1-microsoft-standard-WSL2"
	OSVersion="#1 SMP Fri Mar 29 23:14:13 UTC 2024"
	OSPlatform="x86_64"
	Is64Bits="1"
	VendorString="GenuineIntel"
	VendorID="Intel Corporation"
	FamilyID="6"
	ModelID="142"
	ProcessorCacheSize="8192"
	NumberOfLogicalCPU="8"
	NumberOfPhysicalCPU="4"
	TotalVirtualMemory="2048"
	TotalPhysicalMemory="7832"
	LogicalProcessorsPerPhysical="2"
	ProcessorClockFrequency="1992.01"
	>
	<Testing>
		<StartDateTime>Jul 17 21:48 CEST</StartDateTime>
		<StartTestTime>1721245701</StartTestTime>
		<TestList>
			<Test>./Request_parsing</Test>
		</TestList>
		<Test Status="passed">
			<Name>Request parsing</Name>
			<Path>.</Path>
			<FullName>./Request_parsing</FullName>
			<FullCommandLine>/home/addar/web-server/build/tests "Request parsing"</FullCommandLine>
			<Results>
				<NamedMeasurement type="numeric/double" name="Execution Time">
					<Value>0.0042507</Value>
				</NamedMeasurement>
				<NamedMeasurement type="numeric/double" name="Processors">
					<Value>1</Value>
				</NamedMeasurement>
				<NamedMeasurement type="text/string" name="Completion Status">
					<Value>Completed</Value>
				</NamedMeasurement>
				<NamedMeasurement type="text/string" name="Command Line">
					<Value>/home/addar/web-server/build/tests "Request parsing"</Value>
				</NamedMeasurement>
				<NamedMeasurement type="text/string" name="Environment">
					<Value>#CTEST_RESOURCE_GROUP_COUNT=</Value>
				</NamedMeasurement>
				<Measurement>
					<Value encoding="base64" compression="gzip">eJytjjEOwjAQBPt7xSpV6DAUyJEoaHhAfmDhU2TJnMF7/D+GNzDVFiPt3Et17Vwwrfr+KB2v1Flsm2RNltvTlARVs2Z4W3CJxxBiOEW5/he51QofBRwJ5Libwxnf1b00I4oh/AQ8EvUgsgOD5DaC====</Value>
				</Measurement>
			</Results>
		</Test>
		<EndDateTime>Jul 17 21:48 CEST</EndDateTime>
		<EndTestTime>1721245701</EndTestTime>
		<ElapsedMinutes>0</ElapsedMinutes>
	</Testing>
</Site>
