<?xml version="1.0" encoding="UTF-8"?>
<Site BuildName="Linux-g++-13"
	BuildStamp="20240715-0815-Experimental"
	Name="DESKTOP-PQ2EOLP"
	Generator="ctest-3.26.4"
	CompilerName="/usr/bin/g++-13"
	CompilerVersion="13.1.0"
	OSName="Linux"
	Hostname="DESKTOP-PQ2EOLP"
	OSRelease="5.15.153.1-microsoft-standard-WSL2"
	OSVersion="#1 SMP Fri Mar 29 23:14:13 UTC 2024"
	OSPlatform="x86_64"
	Is64Bits="1"
	VendorString="GenuineIntel"
	VendorID="Intel Corporation"
	FamilyID="6"
	ModelID="142"
	ProcessorCacheSize="8192"
	NumberOfLogicalCPU="8"
	NumberOfPhysicalCPU="4"
	TotalVirtualMemory="2048"
	TotalPhysicalMemory="7832"
	LogicalProcessorsPerPhysical="2"
	ProcessorClockFrequency="1992.01"
	>
	<Testing>
		<StartDateTime>Jul 15 22:29 CEST</StartDateTime>
		<StartTestTime>1721075348</StartTestTime>
		<TestList/>
		<EndDateTime>Jul 15 22:29 CEST</EndDateTime>
		<EndTestTime>1721075348</EndTestTime>
		<ElapsedMinutes>0</ElapsedMinutes>
	</Testing>
</Site>
